<?xml version="1.0" encoding="UTF-8"?>
<!-- Generated by org.testng.reporters.JUnitReportReporter -->
<testsuite name="com.facebook.test.Login_Test" tests="2" time="3.116" ignored="0" failures="0" timestamp="12 Mar 2017 15:50:40 GMT" skipped="0" hostname="saiprashanths-MacBook-Pro.local" errors="0">
  <testcase name="filloutEmail" time="0.177" classname="com.facebook.test.Login_Test"/>
  <testcase name="loadPage" time="2.939" classname="com.facebook.test.Login_Test"/>
</testsuite> <!-- com.facebook.test.Login_Test -->
